Dynare version: 0.10.4
2025-12-01T23:27:23.748: Starting @dynare 3.mod
["3.mod", "language=julia", "json=compute", "notmpterms"]
Dynare preprocessor version: 7.0.0+0
2025-12-01T23:27:23.762: End of preprocessing
2025-12-01T23:27:23.769: Start parse_statements!
  Steady state

───────────────┬──────────
  consumption  │ 0.918109
        output │   1.2347
         hours │   0.3333
 capital stock │  12.6631
    investment │   0.3166
           TFP │      1.0
  Productivity │   3.7041
───────────────┴──────────

  Steady state

───────────────┬──────────
  consumption  │ 0.918109
        output │   1.2347
         hours │   0.3333
 capital stock │  12.6631
    investment │   0.3166
           TFP │      1.0
  Productivity │   3.7041
───────────────┴──────────

  Coefficients of approximate solution function (reduced form)

──────────────────┬────────────────────────────────────────────────────────────────────────────────────────
                  │ consumption_t  output_t  hours_t  capital stock_t  investment_t  TFP_t  Productivity_t
───────────────────────────────────────────────────────────────────────────────────────────────────────────
 ϕ(capital stock) │        0.0385    0.0054  -0.0125           0.9418       -0.0332    0.0          0.1555
           ϕ(TFP) │        0.4102    2.2776    0.466           1.8674        1.8674   0.95          1.6548
          eps_a_t │        0.4318    2.3974   0.4905           1.9657        1.9657    1.0          1.7419
──────────────────┴────────────────────────────────────────────────────────────────────────────────────────

  Note: ϕ(x) = x_{t-1} - steady_state(x)

  THEORETICAL MOMENTS

───────────────┬──────────────────────────────
   VARIABLE    │  MEAN    STD. DEV.  VARIANCE
──────────────────────────────────────────────
   consumption │  0.9181     0.0297    0.0009
        output │  1.2347     0.0569    0.0032
         hours │  0.3333     0.0079    0.0001
 capital stock │ 12.6631     0.5657      0.32
    investment │  0.3166      0.034    0.0012
           TFP │     1.0     0.0228    0.0005
  Productivity │  3.7041     0.1196    0.0143
───────────────┴──────────────────────────────

  VARIANCE DECOMPOSITION (in percent)

───────────────┬───────
   VARIABLE    │ eps_a
───────────────────────
   consumption │   1.0
        output │   1.0
         hours │   1.0
 capital stock │   1.0
    investment │   1.0
           TFP │   1.0
  Productivity │   1.0
───────────────┴───────

  CORRELATION MATRIX

───────────────┬──────────────────────────────────────────────────────────────────────────────
               │ consumption  output  hours   capital stock  investment   TFP    Productivity
──────────────────────────────────────────────────────────────────────────────────────────────
   consumption │         1.0  0.8763  0.3417         0.9841      0.5931  0.8577           1.0
        output │      0.8763     1.0  0.7522         0.7766      0.9076  0.9993        0.8763
         hours │      0.3417  0.7522     1.0          0.169      0.9593  0.7762        0.3417
 capital stock │      0.9841  0.7766   0.169            1.0      0.4405  0.7526        0.9841
    investment │      0.5931  0.9076  0.9593         0.4405         1.0  0.9226        0.5931
           TFP │      0.8577  0.9993  0.7762         0.7526      0.9226     1.0        0.8577
  Productivity │         1.0  0.8763  0.3417         0.9841      0.5931  0.8577           1.0
───────────────┴──────────────────────────────────────────────────────────────────────────────

  AUTOCORRELATION COEFFICIENTS

───────────────┬────────────────────────────────────────
               │   1       2       3       4       5
────────────────────────────────────────────────────────
   consumption │ 0.9941   0.986  0.9758  0.9639  0.9504
        output │ 0.9539  0.9099  0.8678  0.8277  0.7894
         hours │ 0.8954  0.7992  0.7108  0.6296  0.5552
 capital stock │ 0.9985  0.9942  0.9875  0.9786  0.9678
    investment │ 0.9114  0.8295  0.7539   0.684  0.6194
           TFP │   0.95  0.9025  0.8574  0.8145  0.7738
  Productivity │ 0.9941   0.986  0.9758  0.9639  0.9504
───────────────┴────────────────────────────────────────

2025-12-01T23:27:24.219: End parse_statements!
2025-12-01T23:27:24.219: End parser
