Dynare version: 0.10.4
2025-12-01T14:12:24.294: Starting @dynare /home/epsilon/Documents/doctorado/S2/ENECO670/martinez/tarea_computacional/presentation/../modfiles/p2/rbc_temp_est.mod
["rbc_temp_est.mod", "language=julia", "json=compute", "notmpterms"]
Dynare preprocessor version: 7.0.0+0
2025-12-01T14:12:24.316: End of preprocessing
2025-12-01T14:12:24.329: Start parse_statements!
  Steady state

────────┬─────────
 c_bar  │ 769.498
  k_bar │ 10777.7
  y_bar │  1043.2
      n │ 315.683
  g_bar │   186.0
 lambda │  0.0045
 dy_obs │    0.45
  h_obs │     0.0
────────┴─────────

  Steady state

────────┬─────────
 c_bar  │ 733.401
  k_bar │  9905.9
  y_bar │ 984.967
      n │ 316.686
  g_bar │   186.0
 lambda │  0.0045
 dy_obs │    0.45
  h_obs │     0.0
────────┴─────────

2025-12-01T14:12:25.454: End parser
